Build started 11/06/2015 12:30:48.
     1>Project "C:\Users\Oliver\Desktop\Git\Hengine\Hengine\Hengine.vcxproj" on node 2 (Build target(s)).
     1>ClCompile:
         C:\Program Files (x86)\Microsoft Visual Studio 14.0\VC\bin\CL.exe /c /I"C:\Users\Oliver\Desktop\Git\Hengine\libs\glfw-3.1.1\include" /ZI /nologo /W3 /WX- /sdl /Od /Oy- /D _MBCS /Gm /EHsc /RTC1 /MDd /GS /fp:precise /Zc:wchar_t /Zc:forScope /Zc:inline /Fo"Debug\\" /Fd"Debug\vc140.pdb" /Gd /TP /analyze- /errorReport:prompt main.cpp
         main.cpp
       Link:
         C:\Program Files (x86)\Microsoft Visual Studio 14.0\VC\bin\link.exe /ERRORREPORT:PROMPT /OUT:"C:\Users\Oliver\Desktop\Git\Hengine\Debug\Hengine.exe" /INCREMENTAL /NOLOGO /LIBPATH:"C:\Users\Oliver\Desktop\Git\Hengine\libs\glfw-3.1.1\lib-vc2013" glfw3.lib glfw3dll.lib winmm.lib opengl32.lib kernel32.lib user32.lib gdi32.lib winspool.lib comdlg32.lib advapi32.lib shell32.lib ole32.lib oleaut32.lib uuid.lib odbc32.lib odbccp32.lib /MANIFEST /MANIFESTUAC:"level='asInvoker' uiAccess='false'" /manifest:embed /Debug /PDB:"C:\Users\Oliver\Desktop\Git\Hengine\Debug\Hengine.pdb" /TLBID:1 /DYNAMICBASE /NXCOMPAT /IMPLIB:"C:\Users\Oliver\Desktop\Git\Hengine\Debug\Hengine.lib" /MACHINE:X86 Debug\main.obj
     1>main.obj : error LNK2019: unresolved external symbol _glfwInit referenced in function _main
     1>main.obj : error LNK2019: unresolved external symbol _glfwTerminate referenced in function _main
     1>main.obj : error LNK2019: unresolved external symbol _glfwCreateWindow referenced in function _main
     1>main.obj : error LNK2019: unresolved external symbol _glfwWindowShouldClose referenced in function _main
     1>main.obj : error LNK2019: unresolved external symbol _glfwPollEvents referenced in function _main
     1>main.obj : error LNK2019: unresolved external symbol _glfwMakeContextCurrent referenced in function _main
     1>main.obj : error LNK2019: unresolved external symbol _glfwSwapBuffers referenced in function _main
     1>C:\Users\Oliver\Desktop\Git\Hengine\libs\glfw-3.1.1\lib-vc2013\glfw3.lib : warning LNK4272: library machine type 'x64' conflicts with target machine type 'X86'
     1>C:\Users\Oliver\Desktop\Git\Hengine\libs\glfw-3.1.1\lib-vc2013\glfw3dll.lib : warning LNK4272: library machine type 'x64' conflicts with target machine type 'X86'
     1>C:\Users\Oliver\Desktop\Git\Hengine\Debug\Hengine.exe : fatal error LNK1120: 7 unresolved externals
     1>Done Building Project "C:\Users\Oliver\Desktop\Git\Hengine\Hengine\Hengine.vcxproj" (Build target(s)) -- FAILED.

Build FAILED.

Time Elapsed 00:00:00.96
